server running in 4000
(node:12687) NOTE: We are formalizing our plans to enter AWS SDK for JavaScript (v2) into maintenance mode in 2023.

Please migrate your code to use AWS SDK for JavaScript (v3).
For more information, check the migration guide at https://a.co/7PzMCcy
(Use `node --trace-warnings ...` to show where the warning was created)
DB Connection sucessful
hello jwt auth here
key eyJhbGciOiJIUzI1NiIsInR5cCI6IkpXVCJ9.eyJlbWFpbCI6ImhlbWFsYXRoYWJvYmJhMUBnbWFpbC5jb20iLCJpYXQiOjE2ODI1ODgzMDIsImV4cCI6MTY4MjY3NDcwMn0.5RR2yYSCTWCMRRVQAvMKkUwRbUgywbH3kTjyqjjDbvQ
hello jwt auth here
key eyJhbGciOiJIUzI1NiIsInR5cCI6IkpXVCJ9.eyJlbWFpbCI6ImhlbWFsYXRoYWJvYmJhMUBnbWFpbC5jb20iLCJpYXQiOjE2ODI1ODgzMDIsImV4cCI6MTY4MjY3NDcwMn0.5RR2yYSCTWCMRRVQAvMKkUwRbUgywbH3kTjyqjjDbvQ
hello jwt auth here
key eyJhbGciOiJIUzI1NiIsInR5cCI6IkpXVCJ9.eyJlbWFpbCI6ImhlbWFsYXRoYWJvYmJhMUBnbWFpbC5jb20iLCJpYXQiOjE2ODI1ODgzMDIsImV4cCI6MTY4MjY3NDcwMn0.5RR2yYSCTWCMRRVQAvMKkUwRbUgywbH3kTjyqjjDbvQ
hello jwt auth here
key eyJhbGciOiJIUzI1NiIsInR5cCI6IkpXVCJ9.eyJlbWFpbCI6ImhlbWFsYXRoYWJvYmJhMUBnbWFpbC5jb20iLCJpYXQiOjE2ODI1ODgzMDIsImV4cCI6MTY4MjY3NDcwMn0.5RR2yYSCTWCMRRVQAvMKkUwRbUgywbH3kTjyqjjDbvQ
hello jwt auth here
key eyJhbGciOiJIUzI1NiIsInR5cCI6IkpXVCJ9.eyJlbWFpbCI6ImhlbWFsYXRoYWJvYmJhMUBnbWFpbC5jb20iLCJpYXQiOjE2ODI1ODgzMDIsImV4cCI6MTY4MjY3NDcwMn0.5RR2yYSCTWCMRRVQAvMKkUwRbUgywbH3kTjyqjjDbvQ
hello jwt auth here
key eyJhbGciOiJIUzI1NiIsInR5cCI6IkpXVCJ9.eyJlbWFpbCI6ImhlbWFsYXRoYWJvYmJhMUBnbWFpbC5jb20iLCJpYXQiOjE2ODI1ODgzMDIsImV4cCI6MTY4MjY3NDcwMn0.5RR2yYSCTWCMRRVQAvMKkUwRbUgywbH3kTjyqjjDbvQ
hello jwt auth here
key eyJhbGciOiJIUzI1NiIsInR5cCI6IkpXVCJ9.eyJlbWFpbCI6ImhlbWFsYXRoYWJvYmJhMUBnbWFpbC5jb20iLCJpYXQiOjE2ODI1ODgzMDIsImV4cCI6MTY4MjY3NDcwMn0.5RR2yYSCTWCMRRVQAvMKkUwRbUgywbH3kTjyqjjDbvQ
hello jwt auth here
key eyJhbGciOiJIUzI1NiIsInR5cCI6IkpXVCJ9.eyJlbWFpbCI6ImhlbWFsYXRoYWJvYmJhMUBnbWFpbC5jb20iLCJpYXQiOjE2ODI1ODgzMDIsImV4cCI6MTY4MjY3NDcwMn0.5RR2yYSCTWCMRRVQAvMKkUwRbUgywbH3kTjyqjjDbvQ
hello jwt auth here
key eyJhbGciOiJIUzI1NiIsInR5cCI6IkpXVCJ9.eyJlbWFpbCI6ImhlbWFsYXRoYWJvYmJhMUBnbWFpbC5jb20iLCJpYXQiOjE2ODI1ODgzMDIsImV4cCI6MTY4MjY3NDcwMn0.5RR2yYSCTWCMRRVQAvMKkUwRbUgywbH3kTjyqjjDbvQ
hello jwt auth here
key eyJhbGciOiJIUzI1NiIsInR5cCI6IkpXVCJ9.eyJlbWFpbCI6ImhlbWFsYXRoYWJvYmJhMUBnbWFpbC5jb20iLCJpYXQiOjE2ODI1ODgzMDIsImV4cCI6MTY4MjY3NDcwMn0.5RR2yYSCTWCMRRVQAvMKkUwRbUgywbH3kTjyqjjDbvQ
hello jwt auth here
key eyJhbGciOiJIUzI1NiIsInR5cCI6IkpXVCJ9.eyJlbWFpbCI6ImhlbWFsYXRoYWJvYmJhMUBnbWFpbC5jb20iLCJpYXQiOjE2ODI1ODgzMDIsImV4cCI6MTY4MjY3NDcwMn0.5RR2yYSCTWCMRRVQAvMKkUwRbUgywbH3kTjyqjjDbvQ
hello jwt auth here
key eyJhbGciOiJIUzI1NiIsInR5cCI6IkpXVCJ9.eyJlbWFpbCI6ImhlbWFsYXRoYWJvYmJhMUBnbWFpbC5jb20iLCJpYXQiOjE2ODI1ODgzMDIsImV4cCI6MTY4MjY3NDcwMn0.5RR2yYSCTWCMRRVQAvMKkUwRbUgywbH3kTjyqjjDbvQ
hello jwt auth here
key eyJhbGciOiJIUzI1NiIsInR5cCI6IkpXVCJ9.eyJlbWFpbCI6ImhlbWFsYXRoYWJvYmJhMUBnbWFpbC5jb20iLCJpYXQiOjE2ODI1ODgzMDIsImV4cCI6MTY4MjY3NDcwMn0.5RR2yYSCTWCMRRVQAvMKkUwRbUgywbH3kTjyqjjDbvQ
hello jwt auth here
key eyJhbGciOiJIUzI1NiIsInR5cCI6IkpXVCJ9.eyJlbWFpbCI6ImhlbWFsYXRoYWJvYmJhMUBnbWFpbC5jb20iLCJpYXQiOjE2ODI1ODgzMDIsImV4cCI6MTY4MjY3NDcwMn0.5RR2yYSCTWCMRRVQAvMKkUwRbUgywbH3kTjyqjjDbvQ
hello jwt auth here
key eyJhbGciOiJIUzI1NiIsInR5cCI6IkpXVCJ9.eyJlbWFpbCI6ImhlbWFsYXRoYWJvYmJhMUBnbWFpbC5jb20iLCJpYXQiOjE2ODI1ODgzMDIsImV4cCI6MTY4MjY3NDcwMn0.5RR2yYSCTWCMRRVQAvMKkUwRbUgywbH3kTjyqjjDbvQ
hello jwt auth here
key eyJhbGciOiJIUzI1NiIsInR5cCI6IkpXVCJ9.eyJlbWFpbCI6ImhlbWFsYXRoYWJvYmJhMUBnbWFpbC5jb20iLCJpYXQiOjE2ODI1ODgzMDIsImV4cCI6MTY4MjY3NDcwMn0.5RR2yYSCTWCMRRVQAvMKkUwRbUgywbH3kTjyqjjDbvQ
hello jwt auth here
key eyJhbGciOiJIUzI1NiIsInR5cCI6IkpXVCJ9.eyJlbWFpbCI6ImhlbWFsYXRoYWJvYmJhMUBnbWFpbC5jb20iLCJpYXQiOjE2ODI1ODgzMDIsImV4cCI6MTY4MjY3NDcwMn0.5RR2yYSCTWCMRRVQAvMKkUwRbUgywbH3kTjyqjjDbvQ
hello jwt auth here
key eyJhbGciOiJIUzI1NiIsInR5cCI6IkpXVCJ9.eyJlbWFpbCI6ImhlbWFsYXRoYWJvYmJhMUBnbWFpbC5jb20iLCJpYXQiOjE2ODI1ODgzMDIsImV4cCI6MTY4MjY3NDcwMn0.5RR2yYSCTWCMRRVQAvMKkUwRbUgywbH3kTjyqjjDbvQ
hello jwt auth here
key eyJhbGciOiJIUzI1NiIsInR5cCI6IkpXVCJ9.eyJlbWFpbCI6ImhlbWFsYXRoYWJvYmJhMUBnbWFpbC5jb20iLCJpYXQiOjE2ODI1ODgzMDIsImV4cCI6MTY4MjY3NDcwMn0.5RR2yYSCTWCMRRVQAvMKkUwRbUgywbH3kTjyqjjDbvQ
hello jwt auth here
key eyJhbGciOiJIUzI1NiIsInR5cCI6IkpXVCJ9.eyJlbWFpbCI6ImhlbWFsYXRoYWJvYmJhMUBnbWFpbC5jb20iLCJpYXQiOjE2ODI1ODgzMDIsImV4cCI6MTY4MjY3NDcwMn0.5RR2yYSCTWCMRRVQAvMKkUwRbUgywbH3kTjyqjjDbvQ
hello jwt auth here
key eyJhbGciOiJIUzI1NiIsInR5cCI6IkpXVCJ9.eyJlbWFpbCI6ImhlbWFsYXRoYWJvYmJhMUBnbWFpbC5jb20iLCJpYXQiOjE2ODI1ODgzMDIsImV4cCI6MTY4MjY3NDcwMn0.5RR2yYSCTWCMRRVQAvMKkUwRbUgywbH3kTjyqjjDbvQ
hello jwt auth here
key eyJhbGciOiJIUzI1NiIsInR5cCI6IkpXVCJ9.eyJlbWFpbCI6ImhlbWFsYXRoYWJvYmJhMUBnbWFpbC5jb20iLCJpYXQiOjE2ODI1ODgzMDIsImV4cCI6MTY4MjY3NDcwMn0.5RR2yYSCTWCMRRVQAvMKkUwRbUgywbH3kTjyqjjDbvQ
hello jwt auth here
key eyJhbGciOiJIUzI1NiIsInR5cCI6IkpXVCJ9.eyJlbWFpbCI6ImhlbWFsYXRoYWJvYmJhMUBnbWFpbC5jb20iLCJpYXQiOjE2ODI1ODgzMDIsImV4cCI6MTY4MjY3NDcwMn0.5RR2yYSCTWCMRRVQAvMKkUwRbUgywbH3kTjyqjjDbvQ
hello jwt auth here
key eyJhbGciOiJIUzI1NiIsInR5cCI6IkpXVCJ9.eyJlbWFpbCI6ImhlbWFsYXRoYWJvYmJhMUBnbWFpbC5jb20iLCJpYXQiOjE2ODI1ODgzMDIsImV4cCI6MTY4MjY3NDcwMn0.5RR2yYSCTWCMRRVQAvMKkUwRbUgywbH3kTjyqjjDbvQ
hello jwt auth here
key eyJhbGciOiJIUzI1NiIsInR5cCI6IkpXVCJ9.eyJlbWFpbCI6ImhlbWFsYXRoYWJvYmJhMUBnbWFpbC5jb20iLCJpYXQiOjE2ODI1ODgzMDIsImV4cCI6MTY4MjY3NDcwMn0.5RR2yYSCTWCMRRVQAvMKkUwRbUgywbH3kTjyqjjDbvQ
hello jwt auth here
key eyJhbGciOiJIUzI1NiIsInR5cCI6IkpXVCJ9.eyJlbWFpbCI6ImhlbWFsYXRoYWJvYmJhMUBnbWFpbC5jb20iLCJpYXQiOjE2ODI1ODgzMDIsImV4cCI6MTY4MjY3NDcwMn0.5RR2yYSCTWCMRRVQAvMKkUwRbUgywbH3kTjyqjjDbvQ
hello jwt auth here
key eyJhbGciOiJIUzI1NiIsInR5cCI6IkpXVCJ9.eyJlbWFpbCI6ImhlbWFsYXRoYWJvYmJhMUBnbWFpbC5jb20iLCJpYXQiOjE2ODI1ODgzMDIsImV4cCI6MTY4MjY3NDcwMn0.5RR2yYSCTWCMRRVQAvMKkUwRbUgywbH3kTjyqjjDbvQ
hello jwt auth here
key eyJhbGciOiJIUzI1NiIsInR5cCI6IkpXVCJ9.eyJlbWFpbCI6ImhlbWFsYXRoYWJvYmJhMUBnbWFpbC5jb20iLCJpYXQiOjE2ODI1ODgzMDIsImV4cCI6MTY4MjY3NDcwMn0.5RR2yYSCTWCMRRVQAvMKkUwRbUgywbH3kTjyqjjDbvQ
hello jwt auth here
key eyJhbGciOiJIUzI1NiIsInR5cCI6IkpXVCJ9.eyJlbWFpbCI6ImhlbWFsYXRoYWJvYmJhMUBnbWFpbC5jb20iLCJpYXQiOjE2ODI1ODgzMDIsImV4cCI6MTY4MjY3NDcwMn0.5RR2yYSCTWCMRRVQAvMKkUwRbUgywbH3kTjyqjjDbvQ
hello jwt auth here
key eyJhbGciOiJIUzI1NiIsInR5cCI6IkpXVCJ9.eyJlbWFpbCI6ImhlbWFsYXRoYWJvYmJhMUBnbWFpbC5jb20iLCJpYXQiOjE2ODI1ODgzMDIsImV4cCI6MTY4MjY3NDcwMn0.5RR2yYSCTWCMRRVQAvMKkUwRbUgywbH3kTjyqjjDbvQ
hello jwt auth here
key eyJhbGciOiJIUzI1NiIsInR5cCI6IkpXVCJ9.eyJlbWFpbCI6ImhlbWFsYXRoYWJvYmJhMUBnbWFpbC5jb20iLCJpYXQiOjE2ODI1ODgzMDIsImV4cCI6MTY4MjY3NDcwMn0.5RR2yYSCTWCMRRVQAvMKkUwRbUgywbH3kTjyqjjDbvQ
hello jwt auth here
key eyJhbGciOiJIUzI1NiIsInR5cCI6IkpXVCJ9.eyJlbWFpbCI6ImhlbWFsYXRoYWJvYmJhMUBnbWFpbC5jb20iLCJpYXQiOjE2ODI1ODgzMDIsImV4cCI6MTY4MjY3NDcwMn0.5RR2yYSCTWCMRRVQAvMKkUwRbUgywbH3kTjyqjjDbvQ
hello jwt auth here
key eyJhbGciOiJIUzI1NiIsInR5cCI6IkpXVCJ9.eyJlbWFpbCI6ImhlbWFsYXRoYWJvYmJhMUBnbWFpbC5jb20iLCJpYXQiOjE2ODI1ODgzMDIsImV4cCI6MTY4MjY3NDcwMn0.5RR2yYSCTWCMRRVQAvMKkUwRbUgywbH3kTjyqjjDbvQ
hello jwt auth here
key eyJhbGciOiJIUzI1NiIsInR5cCI6IkpXVCJ9.eyJlbWFpbCI6ImhlbWFsYXRoYWJvYmJhMUBnbWFpbC5jb20iLCJpYXQiOjE2ODI1ODgzMDIsImV4cCI6MTY4MjY3NDcwMn0.5RR2yYSCTWCMRRVQAvMKkUwRbUgywbH3kTjyqjjDbvQ
